<?xml version="1.0" encoding="UTF-8"?>
<testng-results ignored="0" total="1" passed="1" failed="0" skipped="0">
  <reporter-output>
  </reporter-output>
  <suite started-at="2024-04-18T08:35:36 COT" name="Default suite" finished-at="2024-04-18T08:35:42 COT" duration-ms="6003">
    <groups>
    </groups>
    <test started-at="2024-04-18T08:35:36 COT" name="Default test" finished-at="2024-04-18T08:35:42 COT" duration-ms="6003">
      <class name="pruebaSelenium.NewTest">
        <test-method signature="f()[pri:0, instance:pruebaSelenium.NewTest@2c35e847]" started-at="2024-04-18T08:35:36 COT" name="f" finished-at="2024-04-18T08:35:42 COT" duration-ms="5966" status="PASS">
          <reporter-output>
          </reporter-output>
        </test-method> <!-- f -->
      </class> <!-- pruebaSelenium.NewTest -->
    </test> <!-- Default test -->
  </suite> <!-- Default suite -->
</testng-results>
